<?xml version="1.0" encoding="UTF-8"?>
<!-- Generated by org.testng.reporters.JUnitXMLReporter -->
<testsuite ignored="0" hostname="DESKTOP-54M8AA4" failures="0" tests="6" name="Car Loan" time="0.024" errors="0" timestamp="2020-10-30T00:03:19 EET">
  <testcase classname="TestNG.day3" name="LoginAPICarLoan" time="0.001"/>
  <testcase classname="TestNG.day3" name="MobileLoginCarLoan" time="0.001"/>
  <testcase classname="TestNG.day3" name="WebLoginCarLoan" time="0.001"/>
  <testcase classname="TestNG.day4" name="LoginAPIHomeLoan" time="0.002"/>
  <testcase classname="TestNG.day4" name="MobileLoginHomeLoan" time="0.003"/>
  <testcase classname="TestNG.day4" name="WebLoginHomeLoan" time="0.002"/>
</testsuite> <!-- Car Loan -->
