<?xml version="1.0" encoding="UTF-8"?>
<!-- Generated by org.testng.reporters.JUnitXMLReporter -->
<testsuite ignored="1" hostname="DESKTOP-54M8AA4" failures="0" tests="5" name="Test" time="0.075" errors="0" timestamp="2020-10-31T12:29:34 EET">
  <testcase classname="TestNG.day1" name="SecondDemo" time="0.011"/>
  <testcase classname="TestNG.day2" name="ploan" time="0.002"/>
  <testcase classname="TestNG.day4" name="LoginAPIHomeLoan" time="0.002"/>
  <testcase classname="TestNG.day4" name="MobileLoginHomeLoan" time="0.002"/>
  <testcase classname="TestNG.day4" name="WebLoginHomeLoan" time="0.002"/>
  <testcase classname="TestNG.day1" name="Demo" time="0.0">
    <ignored/>
  </testcase> <!-- Demo -->
</testsuite> <!-- Test -->
