<?xml version="1.0" encoding="UTF-8"?>
<testng-results ignored="0" total="8" passed="8" failed="0" skipped="0">
  <reporter-output>
  </reporter-output>
  <suite started-at="2020-10-11T17:43:48Z" name="Default suite" finished-at="2020-10-11T17:43:48Z" duration-ms="109">
    <groups>
    </groups>
    <test started-at="2020-10-11T17:43:48Z" name="Default test" finished-at="2020-10-11T17:43:48Z" duration-ms="109">
      <class name="Exercise.JavaStream">
        <test-method signature="regular()[pri:0, instance:Exercise.JavaStream@66f57048]" started-at="2020-10-11T17:43:48Z" name="regular" finished-at="2020-10-11T17:43:48Z" duration-ms="9" status="PASS">
          <reporter-output>
          </reporter-output>
        </test-method> <!-- regular -->
        <test-method signature="streamConcat()[pri:0, instance:Exercise.JavaStream@66f57048]" started-at="2020-10-11T17:43:48Z" name="streamConcat" finished-at="2020-10-11T17:43:48Z" duration-ms="7" status="PASS">
          <reporter-output>
          </reporter-output>
        </test-method> <!-- streamConcat -->
        <test-method signature="streamFilter()[pri:0, instance:Exercise.JavaStream@66f57048]" started-at="2020-10-11T17:43:48Z" name="streamFilter" finished-at="2020-10-11T17:43:48Z" duration-ms="4" status="PASS">
          <reporter-output>
          </reporter-output>
        </test-method> <!-- streamFilter -->
        <test-method signature="streamFilter2()[pri:0, instance:Exercise.JavaStream@66f57048]" started-at="2020-10-11T17:43:48Z" name="streamFilter2" finished-at="2020-10-11T17:43:48Z" duration-ms="3" status="PASS">
          <reporter-output>
          </reporter-output>
        </test-method> <!-- streamFilter2 -->
        <test-method signature="streamFilterLength()[pri:0, instance:Exercise.JavaStream@66f57048]" started-at="2020-10-11T17:43:48Z" name="streamFilterLength" finished-at="2020-10-11T17:43:48Z" duration-ms="7" status="PASS">
          <reporter-output>
          </reporter-output>
        </test-method> <!-- streamFilterLength -->
        <test-method signature="streamFilterLengthLimit()[pri:0, instance:Exercise.JavaStream@66f57048]" started-at="2020-10-11T17:43:48Z" name="streamFilterLengthLimit" finished-at="2020-10-11T17:43:48Z" duration-ms="6" status="PASS">
          <reporter-output>
          </reporter-output>
        </test-method> <!-- streamFilterLengthLimit -->
        <test-method signature="streamMap()[pri:0, instance:Exercise.JavaStream@66f57048]" started-at="2020-10-11T17:43:48Z" name="streamMap" finished-at="2020-10-11T17:43:48Z" duration-ms="7" status="PASS">
          <reporter-output>
          </reporter-output>
        </test-method> <!-- streamMap -->
        <test-method signature="streamMapSort()[pri:0, instance:Exercise.JavaStream@66f57048]" started-at="2020-10-11T17:43:48Z" name="streamMapSort" finished-at="2020-10-11T17:43:48Z" duration-ms="5" status="PASS">
          <reporter-output>
          </reporter-output>
        </test-method> <!-- streamMapSort -->
      </class> <!-- Exercise.JavaStream -->
    </test> <!-- Default test -->
  </suite> <!-- Default suite -->
</testng-results>
