<?xml version="1.0" encoding="UTF-8"?>
<!-- Generated by org.testng.reporters.JUnitXMLReporter -->
<testsuite ignored="20" hostname="DESKTOP-54M8AA4" failures="0" tests="3" name="Regression" time="0.084" errors="0" timestamp="2020-10-31T19:47:14 EET">
  <testcase classname="TestNG.day3" name="MobileLoginCarLoan" time="0.015"/>
  <testcase classname="TestNG.day3" name="MobilesignincarLoan" time="0.006"/>
  <testcase classname="TestNG.BeforeClassTest" name="three" time="0.001"/>
  <testcase classname="TestNG.day4" name="MobileLoginHomeLoan" time="0.0">
    <ignored/>
  </testcase> <!-- MobileLoginHomeLoan -->
  <testcase classname="TestNG.AfterClassTest" name="three" time="0.0">
    <ignored/>
  </testcase> <!-- three -->
  <testcase classname="TestNG.AfterMethodTest" name="two" time="0.0">
    <ignored/>
  </testcase> <!-- two -->
  <testcase classname="TestNG.AfterMethodTest" name="three" time="0.0">
    <ignored/>
  </testcase> <!-- three -->
  <testcase classname="TestNG.BeforeClassTest" name="two" time="0.0">
    <ignored/>
  </testcase> <!-- two -->
  <testcase classname="TestNG.day2" name="ploan" time="0.0">
    <ignored/>
  </testcase> <!-- ploan -->
  <testcase classname="TestNG.AfterMethodTest" name="one" time="0.0">
    <ignored/>
  </testcase> <!-- one -->
  <testcase classname="TestNG.day3" name="WebLoginCarLoan" time="0.0">
    <ignored/>
  </testcase> <!-- WebLoginCarLoan -->
  <testcase classname="TestNG.BeforeClassTest" name="one" time="0.0">
    <ignored/>
  </testcase> <!-- one -->
  <testcase classname="TestNG.day4" name="WebLoginHomeLoan" time="0.0">
    <ignored/>
  </testcase> <!-- WebLoginHomeLoan -->
  <testcase classname="TestNG.BeforeMethodTest" name="one" time="0.0">
    <ignored/>
  </testcase> <!-- one -->
  <testcase classname="TestNG.day1" name="SecondDemo" time="0.0">
    <ignored/>
  </testcase> <!-- SecondDemo -->
  <testcase classname="TestNG.day1" name="Demo" time="0.0">
    <ignored/>
  </testcase> <!-- Demo -->
  <testcase classname="TestNG.day3" name="MobilesignoutcarLoan" time="0.0">
    <ignored/>
  </testcase> <!-- MobilesignoutcarLoan -->
  <testcase classname="TestNG.day4" name="LoginAPIHomeLoan" time="0.0">
    <ignored/>
  </testcase> <!-- LoginAPIHomeLoan -->
  <testcase classname="TestNG.BeforeMethodTest" name="three" time="0.0">
    <ignored/>
  </testcase> <!-- three -->
  <testcase classname="TestNG.AfterClassTest" name="one" time="0.0">
    <ignored/>
  </testcase> <!-- one -->
  <testcase classname="TestNG.AfterClassTest" name="two" time="0.0">
    <ignored/>
  </testcase> <!-- two -->
  <testcase classname="TestNG.BeforeTestCase" name="web" time="0.0">
    <ignored/>
  </testcase> <!-- web -->
  <testcase classname="TestNG.BeforeMethodTest" name="two" time="0.0">
    <ignored/>
  </testcase> <!-- two -->
</testsuite> <!-- Regression -->
