<?xml version="1.0" encoding="UTF-8"?>
<!-- Generated by org.testng.reporters.JUnitXMLReporter -->
<testsuite ignored="1" hostname="DESKTOP-54M8AA4" failures="0" tests="6" name="Test" time="0.096" errors="0" timestamp="2020-10-31T13:10:09 EET">
  <testcase classname="TestNG.day1" name="Demo" time="0.008"/>
  <testcase classname="TestNG.BeforeTestCase" name="web" time="0.001"/>
  <testcase classname="TestNG.day2" name="ploan" time="0.001"/>
  <testcase classname="TestNG.day4" name="LoginAPIHomeLoan" time="0.003"/>
  <testcase classname="TestNG.day4" name="MobileLoginHomeLoan" time="0.004"/>
  <testcase classname="TestNG.day4" name="WebLoginHomeLoan" time="0.001"/>
  <testcase classname="TestNG.day1" name="SecondDemo" time="0.0">
    <ignored/>
  </testcase> <!-- SecondDemo -->
</testsuite> <!-- Test -->
