<?xml version="1.0" encoding="UTF-8"?>
<!-- Generated by org.testng.reporters.JUnitXMLReporter -->
<testsuite ignored="2" hostname="DESKTOP-54M8AA4" failures="0" tests="18" name="Test" time="0.158" errors="0" timestamp="2020-11-01T14:20:00 EET">
  <testcase classname="TestNG.day1" name="Demo" time="0.005"/>
  <testcase classname="TestNG.BeforeTestCase" name="web" time="0.002"/>
  <testcase classname="TestNG.day2" name="ploan" time="0.002"/>
  <testcase classname="TestNG.day4" name="LoginAPIHomeLoan" time="0.011"/>
  <testcase classname="TestNG.day4" name="Logout" time="0.002"/>
  <testcase classname="TestNG.day4" name="MobileLoginHomeLoan" time="0.001"/>
  <testcase classname="TestNG.BeforeMethodTest" name="one" time="0.001"/>
  <testcase classname="TestNG.BeforeMethodTest" name="three" time="0.001"/>
  <testcase classname="TestNG.BeforeMethodTest" name="two" time="0.001"/>
  <testcase classname="TestNG.AfterMethodTest" name="one" time="0.002"/>
  <testcase classname="TestNG.AfterMethodTest" name="three" time="0.001"/>
  <testcase classname="TestNG.AfterMethodTest" name="two" time="0.001"/>
  <testcase classname="TestNG.BeforeClassTest" name="one" time="0.001"/>
  <testcase classname="TestNG.BeforeClassTest" name="three" time="0.002"/>
  <testcase classname="TestNG.BeforeClassTest" name="two" time="0.0"/>
  <testcase classname="TestNG.AfterClassTest" name="one" time="0.006"/>
  <testcase classname="TestNG.AfterClassTest" name="three" time="0.003"/>
  <testcase classname="TestNG.AfterClassTest" name="two" time="0.001"/>
  <testcase classname="TestNG.day4" name="WebLoginHomeLoan" time="0.0">
    <ignored/>
  </testcase> <!-- WebLoginHomeLoan -->
  <testcase classname="TestNG.day1" name="SecondDemo" time="0.0">
    <ignored/>
  </testcase> <!-- SecondDemo -->
</testsuite> <!-- Test -->
